This file contains any messages produced by compilers while
running configure, to aid debugging if configure makes a mistake.

It was created by ta-lib configure 0.4.0, which was
generated by GNU Autoconf 2.69.  Invocation command line was

  $ ./configure --prefix=/home/linuxbrew/.linuxbrew/Cellar/ta/lib

## --------- ##
## Platform. ##
## --------- ##

hostname = lanserver.lan
uname -m = x86_64
uname -r = 4.15.0-43-generic
uname -s = Linux
uname -v = #46-Ubuntu SMP Thu Dec 6 14:45:28 UTC 2018

/usr/bin/uname -p = unknown
/bin/uname -X     = unknown

/bin/arch              = unknown
/usr/bin/arch -k       = unknown
/usr/convex/getsysinfo = unknown
/usr/bin/hostinfo      = unknown
/bin/machine           = unknown
/usr/bin/oslevel       = unknown
/bin/universe          = unknown

PATH: /home/linuxbrew/.linuxbrew/sbin
PATH: /home/linuxbrew/.linuxbrew/bin
PATH: /home/alien/bin
PATH: /home/alien/.npm-global/bin
PATH: /home/linuxbrew/.linuxbrew/opt/python/libexec/bin
PATH: /home/linuxbrew/.linuxbrew/opt/node@8/bin
PATH: /home/alien/bin
PATH: /home/linuxbrew/.linuxbrew/opt/node@10/bin
PATH: /home/alien/.pyenv/shims
PATH: /home/linuxbrew/.linuxbrew/Cellar/pyenv-virtualenv/1.1.3/shims
PATH: /home/linuxbrew/.linuxbrew/Cellar/pyenv-virtualenv/1.1.3/shims
PATH: /home/alien/bin
PATH: /home/linuxbrew/.linuxbrew/sbin
PATH: /home/linuxbrew/.linuxbrew/bin
PATH: /home/alien/bin
PATH: /home/alien/.npm-global/bin
PATH: /home/linuxbrew/.linuxbrew/opt/python/libexec/bin
PATH: /home/linuxbrew/.linuxbrew/opt/node@8/bin
PATH: /home/alien/bin
PATH: /home/linuxbrew/.linuxbrew/opt/node@10/bin
PATH: /home/alien/.pyenv/shims
PATH: /home/linuxbrew/.linuxbrew/Cellar/pyenv-virtualenv/1.1.3/shims
PATH: /home/linuxbrew/.linuxbrew/Cellar/pyenv-virtualenv/1.1.3/shims
PATH: /home/alien/bin
PATH: /home/linuxbrew/.linuxbrew/sbin
PATH: /home/linuxbrew/.linuxbrew/bin
PATH: /home/alien/bin
PATH: /home/alien/.npm-global/bin
PATH: /home/linuxbrew/.linuxbrew/opt/python/libexec/bin
PATH: /home/linuxbrew/.linuxbrew/opt/node@8/bin
PATH: /home/alien/bin
PATH: /home/linuxbrew/.linuxbrew/opt/node@10/bin
PATH: /home/alien/.pyenv/shims
PATH: /home/linuxbrew/.linuxbrew/Cellar/pyenv-virtualenv/1.1.3/shims
PATH: /home/linuxbrew/.linuxbrew/Cellar/pyenv-virtualenv/1.1.3/shims
PATH: /home/alien/bin
PATH: /home/linuxbrew/.linuxbrew/opt/node@8/bin
PATH: /home/alien/.pyenv/shims
PATH: /home/linuxbrew/.linuxbrew/Cellar/pyenv-virtualenv/1.1.3/shims
PATH: /home/linuxbrew/.linuxbrew/Cellar/pyenv-virtualenv/1.1.3/shims
PATH: /home/linuxbrew/.linuxbrew/sbin
PATH: /home/linuxbrew/.linuxbrew/opt/python/libexec/bin
PATH: /home/linuxbrew/.linuxbrew/bin
PATH: ~/bin
PATH: /home/linuxbrew/.linuxbrew/opt/node@10/bin
PATH: /home/alien/.npm-global/bin
PATH: /home/linuxbrew/.linuxbrew/bin
PATH: /home/alien/.nix-profile/bin
PATH: /home/alien/bin
PATH: /home/alien/apps/freqtrade/bin
PATH: /home/linuxbrew/.linuxbrew/opt/node@8/bin
PATH: /home/alien/perl5/bin
PATH: /home/alien/.pyenv/shims
PATH: /home/linuxbrew/.linuxbrew/Cellar/pyenv-virtualenv/1.1.3/shims
PATH: /home/linuxbrew/.linuxbrew/Cellar/pyenv-virtualenv/1.1.3/shims
PATH: /home/linuxbrew/.linuxbrew/sbin
PATH: /home/linuxbrew/.linuxbrew/opt/python/libexec/bin
PATH: /home/linuxbrew/.linuxbrew/bin
PATH: ~/bin
PATH: /home/linuxbrew/.linuxbrew/opt/node@10/bin
PATH: /home/alien/.npm-global/bin
PATH: /home/linuxbrew/.linuxbrew/bin
PATH: /home/alien/.nix-profile/bin
PATH: /home/alien/bin
PATH: /usr/local/sbin
PATH: /usr/local/bin
PATH: /usr/sbin
PATH: /usr/bin
PATH: /sbin
PATH: /bin
PATH: /usr/games
PATH: /usr/local/games
PATH: /usr/local/cuda/bin
PATH: /usr/lib/jvm/java-8-oracle/bin
PATH: /usr/lib/jvm/java-8-oracle/db/bin
PATH: /usr/lib/jvm/java-8-oracle/jre/bin


## ----------- ##
## Core tests. ##
## ----------- ##

configure:2322: checking for a BSD-compatible install
configure:2390: result: /usr/bin/install -c
configure:2401: checking whether build environment is sane
configure:2456: result: yes
configure:2607: checking for a thread-safe mkdir -p
configure:2646: result: /bin/mkdir -p
configure:2653: checking for gawk
configure:2669: found /usr/bin/gawk
configure:2680: result: gawk
configure:2691: checking whether make sets $(MAKE)
configure:2713: result: yes
configure:2742: checking whether make supports nested variables
configure:2759: result: yes
configure:2937: checking for gcc
configure:2953: found /home/linuxbrew/.linuxbrew/bin/gcc
configure:2964: result: gcc
configure:3193: checking for C compiler version
configure:3202: gcc --version >&5
gcc (Homebrew gcc 5.5.0_4) 5.5.0
Copyright (C) 2015 Free Software Foundation, Inc.
This is free software; see the source for copying conditions.  There is NO
warranty; not even for MERCHANTABILITY or FITNESS FOR A PARTICULAR PURPOSE.

configure:3213: $? = 0
configure:3202: gcc -v >&5
Reading specs from /home/linuxbrew/.linuxbrew/Cellar/gcc/5.5.0_4/lib/gcc/x86_64-unknown-linux-gnu/5.5.0/specs
COLLECT_GCC=gcc
COLLECT_LTO_WRAPPER=/home/linuxbrew/.linuxbrew/Cellar/gcc/5.5.0_4/libexec/gcc/x86_64-unknown-linux-gnu/5.5.0/lto-wrapper
Target: x86_64-unknown-linux-gnu
Configured with: ../configure --with-isl=/home/linuxbrew/.linuxbrew/opt/isl@0.18 --with-bugurl=https://github.com/Linuxbrew/homebrew-core/issues --prefix=/home/linuxbrew/.linuxbrew/Cellar/gcc/5.5.0_4 --enable-languages=c,c++,objc,obj-c++,fortran --program-suffix=-5 --with-gmp=/home/linuxbrew/.linuxbrew/opt/gmp --with-mpfr=/home/linuxbrew/.linuxbrew/opt/mpfr --with-mpc=/home/linuxbrew/.linuxbrew/opt/libmpc --enable-stage1-checking --enable-checking=release --enable-lto --with-build-config=bootstrap-debug --disable-werror --with-pkgversion='Homebrew gcc 5.5.0_4' --with-boot-ldflags='-static-libstdc++ -static-libgcc ' --disable-nls --disable-multilib
Thread model: posix
gcc version 5.5.0 (Homebrew gcc 5.5.0_4) 
configure:3213: $? = 0
configure:3202: gcc -V >&5
gcc: error: unrecognized command line option '-V'
gcc: fatal error: no input files
compilation terminated.
configure:3213: $? = 1
configure:3202: gcc -qversion >&5
gcc: error: unrecognized command line option '-qversion'
gcc: fatal error: no input files
compilation terminated.
configure:3213: $? = 1
configure:3233: checking whether the C compiler works
configure:3255: gcc -lm -I/home/linuxbrew/.linuxbrew/opt/node@10/include -L/home/linuxbrew/.linuxbrew/opt/node@10/lib conftest.c  >&5
configure:3259: $? = 0
configure:3307: result: yes
configure:3310: checking for C compiler default output file name
configure:3312: result: a.out
configure:3318: checking for suffix of executables
configure:3325: gcc -o conftest -lm -I/home/linuxbrew/.linuxbrew/opt/node@10/include -L/home/linuxbrew/.linuxbrew/opt/node@10/lib conftest.c  >&5
configure:3329: $? = 0
configure:3351: result: 
configure:3373: checking whether we are cross compiling
configure:3381: gcc -o conftest -lm -I/home/linuxbrew/.linuxbrew/opt/node@10/include -L/home/linuxbrew/.linuxbrew/opt/node@10/lib conftest.c  >&5
configure:3385: $? = 0
configure:3392: ./conftest
configure:3396: $? = 0
configure:3411: result: no
configure:3416: checking for suffix of object files
configure:3438: gcc -c -lm -I/home/linuxbrew/.linuxbrew/opt/node@10/include conftest.c >&5
configure:3442: $? = 0
configure:3463: result: o
configure:3467: checking whether we are using the GNU C compiler
configure:3486: gcc -c -lm -I/home/linuxbrew/.linuxbrew/opt/node@10/include conftest.c >&5
configure:3486: $? = 0
configure:3495: result: yes
configure:3504: checking whether gcc accepts -g
configure:3524: gcc -c -g -I/home/linuxbrew/.linuxbrew/opt/node@10/include conftest.c >&5
configure:3524: $? = 0
configure:3565: result: yes
configure:3582: checking for gcc option to accept ISO C89
configure:3645: gcc  -c -lm -I/home/linuxbrew/.linuxbrew/opt/node@10/include conftest.c >&5
configure:3645: $? = 0
configure:3658: result: none needed
configure:3683: checking whether gcc understands -c and -o together
configure:3705: gcc -c conftest.c -o conftest2.o
configure:3708: $? = 0
configure:3705: gcc -c conftest.c -o conftest2.o
configure:3708: $? = 0
configure:3720: result: yes
configure:3740: checking whether make supports the include directive
configure:3755: make -f confmf.GNU && cat confinc.out
this is the am__doit target
configure:3758: $? = 0
configure:3777: result: yes (GNU style)
configure:3802: checking dependency style of gcc
configure:3913: result: gcc3
configure:3957: checking build system type
configure:3971: result: x86_64-pc-linux-gnu
configure:3991: checking host system type
configure:4004: result: x86_64-pc-linux-gnu
configure:4045: checking how to print strings
configure:4072: result: printf
configure:4093: checking for a sed that does not truncate output
configure:4157: result: /bin/sed
configure:4175: checking for grep that handles long lines and -e
configure:4233: result: /bin/grep
configure:4238: checking for egrep
configure:4300: result: /bin/grep -E
configure:4305: checking for fgrep
configure:4367: result: /bin/grep -F
configure:4402: checking for ld used by gcc
configure:4469: result: /home/linuxbrew/.linuxbrew/bin/ld
configure:4476: checking if the linker (/home/linuxbrew/.linuxbrew/bin/ld) is GNU ld
configure:4491: result: yes
configure:4503: checking for BSD- or MS-compatible name lister (nm)
configure:4557: result: /home/linuxbrew/.linuxbrew/bin/nm -B
configure:4687: checking the name lister (/home/linuxbrew/.linuxbrew/bin/nm -B) interface
configure:4694: gcc -c -lm -I/home/linuxbrew/.linuxbrew/opt/node@10/include conftest.c >&5
configure:4697: /home/linuxbrew/.linuxbrew/bin/nm -B "conftest.o"
configure:4700: output
0000000000000000 B some_variable
configure:4707: result: BSD nm
configure:4710: checking whether ln -s works
configure:4714: result: yes
configure:4722: checking the maximum length of command line arguments
configure:4853: result: 1572864
configure:4901: checking how to convert x86_64-pc-linux-gnu file names to x86_64-pc-linux-gnu format
configure:4941: result: func_convert_file_noop
configure:4948: checking how to convert x86_64-pc-linux-gnu file names to toolchain format
configure:4968: result: func_convert_file_noop
configure:4975: checking for /home/linuxbrew/.linuxbrew/bin/ld option to reload object files
configure:4982: result: -r
configure:5056: checking for objdump
configure:5072: found /home/linuxbrew/.linuxbrew/bin/objdump
configure:5083: result: objdump
configure:5115: checking how to recognize dependent libraries
configure:5315: result: pass_all
configure:5400: checking for dlltool
configure:5416: found /home/linuxbrew/.linuxbrew/bin/dlltool
configure:5427: result: dlltool
configure:5460: checking how to associate runtime and link libraries
configure:5487: result: printf %s\n
configure:5548: checking for ar
configure:5564: found /home/linuxbrew/.linuxbrew/bin/ar
configure:5575: result: ar
configure:5612: checking for archiver @FILE support
configure:5629: gcc -c -lm -I/home/linuxbrew/.linuxbrew/opt/node@10/include conftest.c >&5
configure:5629: $? = 0
configure:5632: ar cru libconftest.a @conftest.lst >&5
ar: `u' modifier ignored since `D' is the default (see `U')
configure:5635: $? = 0
configure:5640: ar cru libconftest.a @conftest.lst >&5
ar: `u' modifier ignored since `D' is the default (see `U')
ar: conftest.o: No such file or directory
configure:5643: $? = 1
configure:5655: result: @
configure:5713: checking for strip
configure:5729: found /home/linuxbrew/.linuxbrew/bin/strip
configure:5740: result: strip
configure:5812: checking for ranlib
configure:5828: found /home/linuxbrew/.linuxbrew/bin/ranlib
configure:5839: result: ranlib
configure:5941: checking command to parse /home/linuxbrew/.linuxbrew/bin/nm -B output from gcc object
configure:6094: gcc -c -lm -I/home/linuxbrew/.linuxbrew/opt/node@10/include conftest.c >&5
configure:6097: $? = 0
configure:6101: /home/linuxbrew/.linuxbrew/bin/nm -B conftest.o \| sed -n -e 's/^.*[ ]\([ABCDGIRSTW][ABCDGIRSTW]*\)[ ][ ]*\([_A-Za-z][_A-Za-z0-9]*\)$/\1 \2 \2/p' | sed '/ __gnu_lto/d' \> conftest.nm
configure:6104: $? = 0
configure:6170: gcc -o conftest -lm -I/home/linuxbrew/.linuxbrew/opt/node@10/include -L/home/linuxbrew/.linuxbrew/opt/node@10/lib conftest.c conftstm.o >&5
configure:6173: $? = 0
configure:6211: result: ok
configure:6258: checking for sysroot
configure:6288: result: no
configure:6295: checking for a working dd
configure:6333: result: /bin/dd
configure:6337: checking how to truncate binary pipes
configure:6352: result: /bin/dd bs=4096 count=1
configure:6488: gcc -c -lm -I/home/linuxbrew/.linuxbrew/opt/node@10/include conftest.c >&5
configure:6491: $? = 0
configure:6681: checking for mt
configure:6697: found /bin/mt
configure:6708: result: mt
configure:6731: checking if mt is a manifest tool
configure:6737: mt '-?'
configure:6745: result: no
configure:7422: checking how to run the C preprocessor
configure:7453: gcc -E -I/home/linuxbrew/.linuxbrew/opt/node@10/include conftest.c
configure:7453: $? = 0
configure:7467: gcc -E -I/home/linuxbrew/.linuxbrew/opt/node@10/include conftest.c
conftest.c:11:28: fatal error: ac_nonexistent.h: No such file or directory
compilation terminated.
configure:7467: $? = 1
configure: failed program was:
| /* confdefs.h */
| #define PACKAGE_NAME "ta-lib"
| #define PACKAGE_TARNAME "ta-lib"
| #define PACKAGE_VERSION "0.4.0"
| #define PACKAGE_STRING "ta-lib 0.4.0"
| #define PACKAGE_BUGREPORT "http://sourceforge.net/tracker/?group_id=8903&atid=108903"
| #define PACKAGE_URL ""
| #define PACKAGE "ta-lib"
| #define VERSION "0.4.0"
| /* end confdefs.h.  */
| #include <ac_nonexistent.h>
configure:7492: result: gcc -E
configure:7512: gcc -E -I/home/linuxbrew/.linuxbrew/opt/node@10/include conftest.c
configure:7512: $? = 0
configure:7526: gcc -E -I/home/linuxbrew/.linuxbrew/opt/node@10/include conftest.c
conftest.c:11:28: fatal error: ac_nonexistent.h: No such file or directory
compilation terminated.
configure:7526: $? = 1
configure: failed program was:
| /* confdefs.h */
| #define PACKAGE_NAME "ta-lib"
| #define PACKAGE_TARNAME "ta-lib"
| #define PACKAGE_VERSION "0.4.0"
| #define PACKAGE_STRING "ta-lib 0.4.0"
| #define PACKAGE_BUGREPORT "http://sourceforge.net/tracker/?group_id=8903&atid=108903"
| #define PACKAGE_URL ""
| #define PACKAGE "ta-lib"
| #define VERSION "0.4.0"
| /* end confdefs.h.  */
| #include <ac_nonexistent.h>
configure:7555: checking for ANSI C header files
configure:7575: gcc -c -lm -I/home/linuxbrew/.linuxbrew/opt/node@10/include conftest.c >&5
configure:7575: $? = 0
configure:7648: gcc -o conftest -lm -I/home/linuxbrew/.linuxbrew/opt/node@10/include -L/home/linuxbrew/.linuxbrew/opt/node@10/lib conftest.c  >&5
configure:7648: $? = 0
configure:7648: ./conftest
configure:7648: $? = 0
configure:7659: result: yes
configure:7672: checking for sys/types.h
configure:7672: gcc -c -lm -I/home/linuxbrew/.linuxbrew/opt/node@10/include conftest.c >&5
configure:7672: $? = 0
configure:7672: result: yes
configure:7672: checking for sys/stat.h
configure:7672: gcc -c -lm -I/home/linuxbrew/.linuxbrew/opt/node@10/include conftest.c >&5
configure:7672: $? = 0
configure:7672: result: yes
configure:7672: checking for stdlib.h
configure:7672: gcc -c -lm -I/home/linuxbrew/.linuxbrew/opt/node@10/include conftest.c >&5
configure:7672: $? = 0
configure:7672: result: yes
configure:7672: checking for string.h
configure:7672: gcc -c -lm -I/home/linuxbrew/.linuxbrew/opt/node@10/include conftest.c >&5
configure:7672: $? = 0
configure:7672: result: yes
configure:7672: checking for memory.h
configure:7672: gcc -c -lm -I/home/linuxbrew/.linuxbrew/opt/node@10/include conftest.c >&5
configure:7672: $? = 0
configure:7672: result: yes
configure:7672: checking for strings.h
configure:7672: gcc -c -lm -I/home/linuxbrew/.linuxbrew/opt/node@10/include conftest.c >&5
configure:7672: $? = 0
configure:7672: result: yes
configure:7672: checking for inttypes.h
configure:7672: gcc -c -lm -I/home/linuxbrew/.linuxbrew/opt/node@10/include conftest.c >&5
configure:7672: $? = 0
configure:7672: result: yes
configure:7672: checking for stdint.h
configure:7672: gcc -c -lm -I/home/linuxbrew/.linuxbrew/opt/node@10/include conftest.c >&5
configure:7672: $? = 0
configure:7672: result: yes
configure:7672: checking for unistd.h
configure:7672: gcc -c -lm -I/home/linuxbrew/.linuxbrew/opt/node@10/include conftest.c >&5
configure:7672: $? = 0
configure:7672: result: yes
configure:7686: checking for dlfcn.h
configure:7686: gcc -c -lm -I/home/linuxbrew/.linuxbrew/opt/node@10/include conftest.c >&5
configure:7686: $? = 0
configure:7686: result: yes
configure:7942: checking for objdir
configure:7957: result: .libs
configure:8221: checking if gcc supports -fno-rtti -fno-exceptions
configure:8239: gcc -c -lm -I/home/linuxbrew/.linuxbrew/opt/node@10/include -fno-rtti -fno-exceptions conftest.c >&5
cc1: warning: command line option '-fno-rtti' is valid for C++/ObjC++ but not for C
configure:8243: $? = 0
configure:8256: result: no
configure:8614: checking for gcc option to produce PIC
configure:8621: result: -fPIC -DPIC
configure:8629: checking if gcc PIC flag -fPIC -DPIC works
configure:8647: gcc -c -lm -I/home/linuxbrew/.linuxbrew/opt/node@10/include -fPIC -DPIC -DPIC conftest.c >&5
configure:8651: $? = 0
configure:8664: result: yes
configure:8693: checking if gcc static flag -static works
configure:8721: result: yes
configure:8736: checking if gcc supports -c -o file.o
configure:8757: gcc -c -lm -I/home/linuxbrew/.linuxbrew/opt/node@10/include -o out/conftest2.o conftest.c >&5
configure:8761: $? = 0
configure:8783: result: yes
configure:8791: checking if gcc supports -c -o file.o
configure:8838: result: yes
configure:8871: checking whether the gcc linker (/home/linuxbrew/.linuxbrew/bin/ld -m elf_x86_64) supports shared libraries
configure:10130: result: yes
configure:10167: checking whether -lc should be explicitly linked in
configure:10175: gcc -c -lm -I/home/linuxbrew/.linuxbrew/opt/node@10/include conftest.c >&5
configure:10178: $? = 0
configure:10193: gcc -shared  -fPIC -DPIC conftest.o  -v -Wl,-soname -Wl,conftest -o conftest 2\>\&1 \| /bin/grep  -lc  \>/dev/null 2\>\&1
configure:10196: $? = 0
configure:10210: result: no
configure:10370: checking dynamic linker characteristics
configure:10951: gcc -o conftest -lm -I/home/linuxbrew/.linuxbrew/opt/node@10/include -L/home/linuxbrew/.linuxbrew/opt/node@10/lib -Wl,-rpath -Wl,/foo conftest.c  >&5
configure:10951: $? = 0
configure:11188: result: GNU/Linux ld.so
configure:11310: checking how to hardcode library paths into programs
configure:11335: result: immediate
configure:11883: checking whether stripping libraries is possible
configure:11888: result: yes
configure:11923: checking if libtool supports shared libraries
configure:11925: result: yes
configure:11928: checking whether to build shared libraries
configure:11953: result: yes
configure:11956: checking whether to build static libraries
configure:11960: result: yes
configure:11999: checking for dlopen in -ldl
configure:12024: gcc -o conftest -lm -I/home/linuxbrew/.linuxbrew/opt/node@10/include -L/home/linuxbrew/.linuxbrew/opt/node@10/lib conftest.c -ldl   >&5
configure:12024: $? = 0
configure:12033: result: yes
configure:12044: checking for pthread_create in -lpthread
configure:12069: gcc -o conftest -lm -I/home/linuxbrew/.linuxbrew/opt/node@10/include -L/home/linuxbrew/.linuxbrew/opt/node@10/lib conftest.c -lpthread  -ldl  >&5
configure:12069: $? = 0
configure:12078: result: yes
configure:12091: checking for ANSI C header files
configure:12195: result: yes
configure:12206: checking float.h usability
configure:12206: gcc -c -lm -I/home/linuxbrew/.linuxbrew/opt/node@10/include conftest.c >&5
configure:12206: $? = 0
configure:12206: result: yes
configure:12206: checking float.h presence
configure:12206: gcc -E -I/home/linuxbrew/.linuxbrew/opt/node@10/include conftest.c
configure:12206: $? = 0
configure:12206: result: yes
configure:12206: checking for float.h
configure:12206: result: yes
configure:12206: checking for inttypes.h
configure:12206: result: yes
configure:12206: checking limits.h usability
configure:12206: gcc -c -lm -I/home/linuxbrew/.linuxbrew/opt/node@10/include conftest.c >&5
configure:12206: $? = 0
configure:12206: result: yes
configure:12206: checking limits.h presence
configure:12206: gcc -E -I/home/linuxbrew/.linuxbrew/opt/node@10/include conftest.c
configure:12206: $? = 0
configure:12206: result: yes
configure:12206: checking for limits.h
configure:12206: result: yes
configure:12206: checking locale.h usability
configure:12206: gcc -c -lm -I/home/linuxbrew/.linuxbrew/opt/node@10/include conftest.c >&5
configure:12206: $? = 0
configure:12206: result: yes
configure:12206: checking locale.h presence
configure:12206: gcc -E -I/home/linuxbrew/.linuxbrew/opt/node@10/include conftest.c
configure:12206: $? = 0
configure:12206: result: yes
configure:12206: checking for locale.h
configure:12206: result: yes
configure:12206: checking stddef.h usability
configure:12206: gcc -c -lm -I/home/linuxbrew/.linuxbrew/opt/node@10/include conftest.c >&5
configure:12206: $? = 0
configure:12206: result: yes
configure:12206: checking stddef.h presence
configure:12206: gcc -E -I/home/linuxbrew/.linuxbrew/opt/node@10/include conftest.c
configure:12206: $? = 0
configure:12206: result: yes
configure:12206: checking for stddef.h
configure:12206: result: yes
configure:12206: checking for stdint.h
configure:12206: result: yes
configure:12206: checking for stdlib.h
configure:12206: result: yes
configure:12206: checking for string.h
configure:12206: result: yes
configure:12206: checking for unistd.h
configure:12206: result: yes
configure:12206: checking wchar.h usability
configure:12206: gcc -c -lm -I/home/linuxbrew/.linuxbrew/opt/node@10/include conftest.c >&5
configure:12206: $? = 0
configure:12206: result: yes
configure:12206: checking wchar.h presence
configure:12206: gcc -E -I/home/linuxbrew/.linuxbrew/opt/node@10/include conftest.c
configure:12206: $? = 0
configure:12206: result: yes
configure:12206: checking for wchar.h
configure:12206: result: yes
configure:12206: checking wctype.h usability
configure:12206: gcc -c -lm -I/home/linuxbrew/.linuxbrew/opt/node@10/include conftest.c >&5
configure:12206: $? = 0
configure:12206: result: yes
configure:12206: checking wctype.h presence
configure:12206: gcc -E -I/home/linuxbrew/.linuxbrew/opt/node@10/include conftest.c
configure:12206: $? = 0
configure:12206: result: yes
configure:12206: checking for wctype.h
configure:12206: result: yes
configure:12218: checking for an ANSI C-conforming const
configure:12284: gcc -c -lm -I/home/linuxbrew/.linuxbrew/opt/node@10/include conftest.c >&5
configure:12284: $? = 0
configure:12291: result: yes
configure:12299: checking for size_t
configure:12299: gcc -c -lm -I/home/linuxbrew/.linuxbrew/opt/node@10/include conftest.c >&5
configure:12299: $? = 0
configure:12299: gcc -c -lm -I/home/linuxbrew/.linuxbrew/opt/node@10/include conftest.c >&5
conftest.c: In function 'main':
conftest.c:73:21: error: expected expression before ')' token
 if (sizeof ((size_t)))
                     ^
configure:12299: $? = 1
configure: failed program was:
| /* confdefs.h */
| #define PACKAGE_NAME "ta-lib"
| #define PACKAGE_TARNAME "ta-lib"
| #define PACKAGE_VERSION "0.4.0"
| #define PACKAGE_STRING "ta-lib 0.4.0"
| #define PACKAGE_BUGREPORT "http://sourceforge.net/tracker/?group_id=8903&atid=108903"
| #define PACKAGE_URL ""
| #define PACKAGE "ta-lib"
| #define VERSION "0.4.0"
| #define STDC_HEADERS 1
| #define HAVE_SYS_TYPES_H 1
| #define HAVE_SYS_STAT_H 1
| #define HAVE_STDLIB_H 1
| #define HAVE_STRING_H 1
| #define HAVE_MEMORY_H 1
| #define HAVE_STRINGS_H 1
| #define HAVE_INTTYPES_H 1
| #define HAVE_STDINT_H 1
| #define HAVE_UNISTD_H 1
| #define HAVE_DLFCN_H 1
| #define LT_OBJDIR ".libs/"
| #define HAVE_LIBDL 1
| #define HAVE_LIBPTHREAD 1
| #define STDC_HEADERS 1
| #define HAVE_FLOAT_H 1
| #define HAVE_INTTYPES_H 1
| #define HAVE_LIMITS_H 1
| #define HAVE_LOCALE_H 1
| #define HAVE_STDDEF_H 1
| #define HAVE_STDINT_H 1
| #define HAVE_STDLIB_H 1
| #define HAVE_STRING_H 1
| #define HAVE_UNISTD_H 1
| #define HAVE_WCHAR_H 1
| #define HAVE_WCTYPE_H 1
| /* end confdefs.h.  */
| #include <stdio.h>
| #ifdef HAVE_SYS_TYPES_H
| # include <sys/types.h>
| #endif
| #ifdef HAVE_SYS_STAT_H
| # include <sys/stat.h>
| #endif
| #ifdef STDC_HEADERS
| # include <stdlib.h>
| # include <stddef.h>
| #else
| # ifdef HAVE_STDLIB_H
| #  include <stdlib.h>
| # endif
| #endif
| #ifdef HAVE_STRING_H
| # if !defined STDC_HEADERS && defined HAVE_MEMORY_H
| #  include <memory.h>
| # endif
| # include <string.h>
| #endif
| #ifdef HAVE_STRINGS_H
| # include <strings.h>
| #endif
| #ifdef HAVE_INTTYPES_H
| # include <inttypes.h>
| #endif
| #ifdef HAVE_STDINT_H
| # include <stdint.h>
| #endif
| #ifdef HAVE_UNISTD_H
| # include <unistd.h>
| #endif
| int
| main ()
| {
| if (sizeof ((size_t)))
| 	    return 0;
|   ;
|   return 0;
| }
configure:12299: result: yes
configure:12310: checking whether struct tm is in sys/time.h or time.h
configure:12330: gcc -c -lm -I/home/linuxbrew/.linuxbrew/opt/node@10/include conftest.c >&5
configure:12330: $? = 0
configure:12337: result: time.h
configure:12345: checking for working volatile
configure:12364: gcc -c -lm -I/home/linuxbrew/.linuxbrew/opt/node@10/include conftest.c >&5
configure:12364: $? = 0
configure:12371: result: yes
configure:12379: checking for ptrdiff_t
configure:12379: gcc -c -lm -I/home/linuxbrew/.linuxbrew/opt/node@10/include conftest.c >&5
configure:12379: $? = 0
configure:12379: gcc -c -lm -I/home/linuxbrew/.linuxbrew/opt/node@10/include conftest.c >&5
conftest.c: In function 'main':
conftest.c:73:24: error: expected expression before ')' token
 if (sizeof ((ptrdiff_t)))
                        ^
configure:12379: $? = 1
configure: failed program was:
| /* confdefs.h */
| #define PACKAGE_NAME "ta-lib"
| #define PACKAGE_TARNAME "ta-lib"
| #define PACKAGE_VERSION "0.4.0"
| #define PACKAGE_STRING "ta-lib 0.4.0"
| #define PACKAGE_BUGREPORT "http://sourceforge.net/tracker/?group_id=8903&atid=108903"
| #define PACKAGE_URL ""
| #define PACKAGE "ta-lib"
| #define VERSION "0.4.0"
| #define STDC_HEADERS 1
| #define HAVE_SYS_TYPES_H 1
| #define HAVE_SYS_STAT_H 1
| #define HAVE_STDLIB_H 1
| #define HAVE_STRING_H 1
| #define HAVE_MEMORY_H 1
| #define HAVE_STRINGS_H 1
| #define HAVE_INTTYPES_H 1
| #define HAVE_STDINT_H 1
| #define HAVE_UNISTD_H 1
| #define HAVE_DLFCN_H 1
| #define LT_OBJDIR ".libs/"
| #define HAVE_LIBDL 1
| #define HAVE_LIBPTHREAD 1
| #define STDC_HEADERS 1
| #define HAVE_FLOAT_H 1
| #define HAVE_INTTYPES_H 1
| #define HAVE_LIMITS_H 1
| #define HAVE_LOCALE_H 1
| #define HAVE_STDDEF_H 1
| #define HAVE_STDINT_H 1
| #define HAVE_STDLIB_H 1
| #define HAVE_STRING_H 1
| #define HAVE_UNISTD_H 1
| #define HAVE_WCHAR_H 1
| #define HAVE_WCTYPE_H 1
| /* end confdefs.h.  */
| #include <stdio.h>
| #ifdef HAVE_SYS_TYPES_H
| # include <sys/types.h>
| #endif
| #ifdef HAVE_SYS_STAT_H
| # include <sys/stat.h>
| #endif
| #ifdef STDC_HEADERS
| # include <stdlib.h>
| # include <stddef.h>
| #else
| # ifdef HAVE_STDLIB_H
| #  include <stdlib.h>
| # endif
| #endif
| #ifdef HAVE_STRING_H
| # if !defined STDC_HEADERS && defined HAVE_MEMORY_H
| #  include <memory.h>
| # endif
| # include <string.h>
| #endif
| #ifdef HAVE_STRINGS_H
| # include <strings.h>
| #endif
| #ifdef HAVE_INTTYPES_H
| # include <inttypes.h>
| #endif
| #ifdef HAVE_STDINT_H
| # include <stdint.h>
| #endif
| #ifdef HAVE_UNISTD_H
| # include <unistd.h>
| #endif
| int
| main ()
| {
| if (sizeof ((ptrdiff_t)))
| 	    return 0;
|   ;
|   return 0;
| }
configure:12379: result: yes
configure:12391: checking return type of signal handlers
configure:12409: gcc -c -lm -I/home/linuxbrew/.linuxbrew/opt/node@10/include conftest.c >&5
conftest.c: In function 'main':
conftest.c:44:9: error: void value not ignored as it ought to be
 return *(signal (0, 0)) (0) == 1;
         ^
configure:12409: $? = 1
configure: failed program was:
| /* confdefs.h */
| #define PACKAGE_NAME "ta-lib"
| #define PACKAGE_TARNAME "ta-lib"
| #define PACKAGE_VERSION "0.4.0"
| #define PACKAGE_STRING "ta-lib 0.4.0"
| #define PACKAGE_BUGREPORT "http://sourceforge.net/tracker/?group_id=8903&atid=108903"
| #define PACKAGE_URL ""
| #define PACKAGE "ta-lib"
| #define VERSION "0.4.0"
| #define STDC_HEADERS 1
| #define HAVE_SYS_TYPES_H 1
| #define HAVE_SYS_STAT_H 1
| #define HAVE_STDLIB_H 1
| #define HAVE_STRING_H 1
| #define HAVE_MEMORY_H 1
| #define HAVE_STRINGS_H 1
| #define HAVE_INTTYPES_H 1
| #define HAVE_STDINT_H 1
| #define HAVE_UNISTD_H 1
| #define HAVE_DLFCN_H 1
| #define LT_OBJDIR ".libs/"
| #define HAVE_LIBDL 1
| #define HAVE_LIBPTHREAD 1
| #define STDC_HEADERS 1
| #define HAVE_FLOAT_H 1
| #define HAVE_INTTYPES_H 1
| #define HAVE_LIMITS_H 1
| #define HAVE_LOCALE_H 1
| #define HAVE_STDDEF_H 1
| #define HAVE_STDINT_H 1
| #define HAVE_STDLIB_H 1
| #define HAVE_STRING_H 1
| #define HAVE_UNISTD_H 1
| #define HAVE_WCHAR_H 1
| #define HAVE_WCTYPE_H 1
| #define HAVE_PTRDIFF_T 1
| /* end confdefs.h.  */
| #include <sys/types.h>
| #include <signal.h>
| 
| int
| main ()
| {
| return *(signal (0, 0)) (0) == 1;
|   ;
|   return 0;
| }
configure:12416: result: void
configure:12424: checking for working strcoll
configure:12445: gcc -o conftest -lm -I/home/linuxbrew/.linuxbrew/opt/node@10/include -L/home/linuxbrew/.linuxbrew/opt/node@10/lib conftest.c -lpthread -ldl  >&5
configure:12445: $? = 0
configure:12445: ./conftest
configure:12445: $? = 0
configure:12455: result: yes
configure:12465: checking for strftime
configure:12465: gcc -o conftest -lm -I/home/linuxbrew/.linuxbrew/opt/node@10/include -L/home/linuxbrew/.linuxbrew/opt/node@10/lib conftest.c -lpthread -ldl  >&5
conftest.c:63:6: warning: conflicting types for built-in function 'strftime'
 char strftime ();
      ^
configure:12465: $? = 0
configure:12465: result: yes
configure:12518: checking for working strtod
configure:12559: gcc -o conftest -lm -I/home/linuxbrew/.linuxbrew/opt/node@10/include -L/home/linuxbrew/.linuxbrew/opt/node@10/lib conftest.c -lpthread -ldl  >&5
configure:12559: $? = 0
configure:12559: ./conftest
configure:12559: $? = 0
configure:12569: result: yes
configure:12633: checking for vprintf
configure:12633: gcc -o conftest -lm -I/home/linuxbrew/.linuxbrew/opt/node@10/include -L/home/linuxbrew/.linuxbrew/opt/node@10/lib conftest.c -lpthread -ldl  >&5
conftest.c:64:6: warning: conflicting types for built-in function 'vprintf'
 char vprintf ();
      ^
configure:12633: $? = 0
configure:12633: result: yes
configure:12639: checking for _doprnt
configure:12639: gcc -o conftest -lm -I/home/linuxbrew/.linuxbrew/opt/node@10/include -L/home/linuxbrew/.linuxbrew/opt/node@10/lib conftest.c -lpthread -ldl  >&5
/home/linuxbrew/.linuxbrew/bin/ld: /tmp/ccbuTjnx.o: in function `main':
conftest.c:(.text+0xa): undefined reference to `_doprnt'
collect2: error: ld returned 1 exit status
configure:12639: $? = 1
configure: failed program was:
| /* confdefs.h */
| #define PACKAGE_NAME "ta-lib"
| #define PACKAGE_TARNAME "ta-lib"
| #define PACKAGE_VERSION "0.4.0"
| #define PACKAGE_STRING "ta-lib 0.4.0"
| #define PACKAGE_BUGREPORT "http://sourceforge.net/tracker/?group_id=8903&atid=108903"
| #define PACKAGE_URL ""
| #define PACKAGE "ta-lib"
| #define VERSION "0.4.0"
| #define STDC_HEADERS 1
| #define HAVE_SYS_TYPES_H 1
| #define HAVE_SYS_STAT_H 1
| #define HAVE_STDLIB_H 1
| #define HAVE_STRING_H 1
| #define HAVE_MEMORY_H 1
| #define HAVE_STRINGS_H 1
| #define HAVE_INTTYPES_H 1
| #define HAVE_STDINT_H 1
| #define HAVE_UNISTD_H 1
| #define HAVE_DLFCN_H 1
| #define LT_OBJDIR ".libs/"
| #define HAVE_LIBDL 1
| #define HAVE_LIBPTHREAD 1
| #define STDC_HEADERS 1
| #define HAVE_FLOAT_H 1
| #define HAVE_INTTYPES_H 1
| #define HAVE_LIMITS_H 1
| #define HAVE_LOCALE_H 1
| #define HAVE_STDDEF_H 1
| #define HAVE_STDINT_H 1
| #define HAVE_STDLIB_H 1
| #define HAVE_STRING_H 1
| #define HAVE_UNISTD_H 1
| #define HAVE_WCHAR_H 1
| #define HAVE_WCTYPE_H 1
| #define HAVE_PTRDIFF_T 1
| #define RETSIGTYPE void
| #define HAVE_STRCOLL 1
| #define HAVE_STRFTIME 1
| #define HAVE_VPRINTF 1
| /* end confdefs.h.  */
| /* Define _doprnt to an innocuous variant, in case <limits.h> declares _doprnt.
|    For example, HP-UX 11i <limits.h> declares gettimeofday.  */
| #define _doprnt innocuous__doprnt
| 
| /* System header to define __stub macros and hopefully few prototypes,
|     which can conflict with char _doprnt (); below.
|     Prefer <limits.h> to <assert.h> if __STDC__ is defined, since
|     <limits.h> exists even on freestanding compilers.  */
| 
| #ifdef __STDC__
| # include <limits.h>
| #else
| # include <assert.h>
| #endif
| 
| #undef _doprnt
| 
| /* Override any GCC internal prototype to avoid an error.
|    Use char because int might match the return type of a GCC
|    builtin and then its argument prototype would still apply.  */
| #ifdef __cplusplus
| extern "C"
| #endif
| char _doprnt ();
| /* The GNU C library defines this for functions which it implements
|     to always fail with ENOSYS.  Some functions are actually named
|     something starting with __ and the normal name is an alias.  */
| #if defined __stub__doprnt || defined __stub____doprnt
| choke me
| #endif
| 
| int
| main ()
| {
| return _doprnt ();
|   ;
|   return 0;
| }
configure:12639: result: no
configure:12653: checking for floor
configure:12653: gcc -o conftest -lm -I/home/linuxbrew/.linuxbrew/opt/node@10/include -L/home/linuxbrew/.linuxbrew/opt/node@10/lib conftest.c -lpthread -ldl  >&5
conftest.c:65:6: warning: conflicting types for built-in function 'floor'
 char floor ();
      ^
configure:12653: $? = 0
configure:12653: result: yes
configure:12653: checking for isascii
configure:12653: gcc -o conftest -lm -I/home/linuxbrew/.linuxbrew/opt/node@10/include -L/home/linuxbrew/.linuxbrew/opt/node@10/lib conftest.c -lpthread -ldl  >&5
conftest.c:66:6: warning: conflicting types for built-in function 'isascii'
 char isascii ();
      ^
configure:12653: $? = 0
configure:12653: result: yes
configure:12653: checking for localeconv
configure:12653: gcc -o conftest -lm -I/home/linuxbrew/.linuxbrew/opt/node@10/include -L/home/linuxbrew/.linuxbrew/opt/node@10/lib conftest.c -lpthread -ldl  >&5
configure:12653: $? = 0
configure:12653: result: yes
configure:12653: checking for mblen
configure:12653: gcc -o conftest -lm -I/home/linuxbrew/.linuxbrew/opt/node@10/include -L/home/linuxbrew/.linuxbrew/opt/node@10/lib conftest.c -lpthread -ldl  >&5
configure:12653: $? = 0
configure:12653: result: yes
configure:12653: checking for memmove
configure:12653: gcc -o conftest -lm -I/home/linuxbrew/.linuxbrew/opt/node@10/include -L/home/linuxbrew/.linuxbrew/opt/node@10/lib conftest.c -lpthread -ldl  >&5
conftest.c:69:6: warning: conflicting types for built-in function 'memmove'
 char memmove ();
      ^
configure:12653: $? = 0
configure:12653: result: yes
configure:12653: checking for memset
configure:12653: gcc -o conftest -lm -I/home/linuxbrew/.linuxbrew/opt/node@10/include -L/home/linuxbrew/.linuxbrew/opt/node@10/lib conftest.c -lpthread -ldl  >&5
conftest.c:70:6: warning: conflicting types for built-in function 'memset'
 char memset ();
      ^
configure:12653: $? = 0
configure:12653: result: yes
configure:12653: checking for modf
configure:12653: gcc -o conftest -lm -I/home/linuxbrew/.linuxbrew/opt/node@10/include -L/home/linuxbrew/.linuxbrew/opt/node@10/lib conftest.c -lpthread -ldl  >&5
conftest.c:71:6: warning: conflicting types for built-in function 'modf'
 char modf ();
      ^
configure:12653: $? = 0
configure:12653: result: yes
configure:12653: checking for pow
configure:12653: gcc -o conftest -lm -I/home/linuxbrew/.linuxbrew/opt/node@10/include -L/home/linuxbrew/.linuxbrew/opt/node@10/lib conftest.c -lpthread -ldl  >&5
conftest.c:72:6: warning: conflicting types for built-in function 'pow'
 char pow ();
      ^
configure:12653: $? = 0
configure:12653: result: yes
configure:12653: checking for sqrt
configure:12653: gcc -o conftest -lm -I/home/linuxbrew/.linuxbrew/opt/node@10/include -L/home/linuxbrew/.linuxbrew/opt/node@10/lib conftest.c -lpthread -ldl  >&5
conftest.c:73:6: warning: conflicting types for built-in function 'sqrt'
 char sqrt ();
      ^
configure:12653: $? = 0
configure:12653: result: yes
configure:12653: checking for strcasecmp
configure:12653: gcc -o conftest -lm -I/home/linuxbrew/.linuxbrew/opt/node@10/include -L/home/linuxbrew/.linuxbrew/opt/node@10/lib conftest.c -lpthread -ldl  >&5
conftest.c:74:6: warning: conflicting types for built-in function 'strcasecmp'
 char strcasecmp ();
      ^
configure:12653: $? = 0
configure:12653: result: yes
configure:12653: checking for strchr
configure:12653: gcc -o conftest -lm -I/home/linuxbrew/.linuxbrew/opt/node@10/include -L/home/linuxbrew/.linuxbrew/opt/node@10/lib conftest.c -lpthread -ldl  >&5
conftest.c:75:6: warning: conflicting types for built-in function 'strchr'
 char strchr ();
      ^
configure:12653: $? = 0
configure:12653: result: yes
configure:12653: checking for strerror
configure:12653: gcc -o conftest -lm -I/home/linuxbrew/.linuxbrew/opt/node@10/include -L/home/linuxbrew/.linuxbrew/opt/node@10/lib conftest.c -lpthread -ldl  >&5
configure:12653: $? = 0
configure:12653: result: yes
configure:12653: checking for strncasecmp
configure:12653: gcc -o conftest -lm -I/home/linuxbrew/.linuxbrew/opt/node@10/include -L/home/linuxbrew/.linuxbrew/opt/node@10/lib conftest.c -lpthread -ldl  >&5
conftest.c:77:6: warning: conflicting types for built-in function 'strncasecmp'
 char strncasecmp ();
      ^
configure:12653: $? = 0
configure:12653: result: yes
configure:12653: checking for strrchr
configure:12653: gcc -o conftest -lm -I/home/linuxbrew/.linuxbrew/opt/node@10/include -L/home/linuxbrew/.linuxbrew/opt/node@10/lib conftest.c -lpthread -ldl  >&5
conftest.c:78:6: warning: conflicting types for built-in function 'strrchr'
 char strrchr ();
      ^
configure:12653: $? = 0
configure:12653: result: yes
configure:12653: checking for strstr
configure:12653: gcc -o conftest -lm -I/home/linuxbrew/.linuxbrew/opt/node@10/include -L/home/linuxbrew/.linuxbrew/opt/node@10/lib conftest.c -lpthread -ldl  >&5
conftest.c:79:6: warning: conflicting types for built-in function 'strstr'
 char strstr ();
      ^
configure:12653: $? = 0
configure:12653: result: yes
configure:12653: checking for strtol
configure:12653: gcc -o conftest -lm -I/home/linuxbrew/.linuxbrew/opt/node@10/include -L/home/linuxbrew/.linuxbrew/opt/node@10/lib conftest.c -lpthread -ldl  >&5
configure:12653: $? = 0
configure:12653: result: yes
configure:12653: checking for strtoul
configure:12653: gcc -o conftest -lm -I/home/linuxbrew/.linuxbrew/opt/node@10/include -L/home/linuxbrew/.linuxbrew/opt/node@10/lib conftest.c -lpthread -ldl  >&5
configure:12653: $? = 0
configure:12653: result: yes
configure:12782: checking that generated files are newer than configure
configure:12788: result: done
configure:12811: creating ./config.status

## ---------------------- ##
## Running config.status. ##
## ---------------------- ##

This file was extended by ta-lib config.status 0.4.0, which was
generated by GNU Autoconf 2.69.  Invocation command line was

  CONFIG_FILES    = 
  CONFIG_HEADERS  = 
  CONFIG_LINKS    = 
  CONFIG_COMMANDS = 
  $ ./config.status 

on lanserver.lan

config.status:1131: creating Makefile
config.status:1131: creating src/Makefile
config.status:1131: creating src/ta_abstract/Makefile
config.status:1131: creating src/ta_common/Makefile
config.status:1131: creating src/ta_func/Makefile
config.status:1131: creating src/tools/Makefile
config.status:1131: creating src/tools/gen_code/Makefile
config.status:1131: creating src/tools/ta_regtest/Makefile
config.status:1131: creating ta-lib-config
config.status:1131: creating ta-lib.spec
config.status:1131: creating ta-lib.dpkg
config.status:1131: creating include/ta_config.h
config.status:1312: include/ta_config.h is unchanged
config.status:1360: executing depfiles commands
config.status:1437: cd src/ta_abstract       && sed -e '/# am--include-marker/d' Makefile         | make -f - am--depfiles
make: Nothing to be done for 'am--depfiles'.
config.status:1442: $? = 0
config.status:1437: cd src/ta_common       && sed -e '/# am--include-marker/d' Makefile         | make -f - am--depfiles
make: Nothing to be done for 'am--depfiles'.
config.status:1442: $? = 0
config.status:1437: cd src/ta_func       && sed -e '/# am--include-marker/d' Makefile         | make -f - am--depfiles
make: Nothing to be done for 'am--depfiles'.
config.status:1442: $? = 0
config.status:1437: cd src/tools/gen_code       && sed -e '/# am--include-marker/d' Makefile         | make -f - am--depfiles
make: Nothing to be done for 'am--depfiles'.
config.status:1442: $? = 0
config.status:1437: cd src/tools/ta_regtest       && sed -e '/# am--include-marker/d' Makefile         | make -f - am--depfiles
make: Nothing to be done for 'am--depfiles'.
config.status:1442: $? = 0
config.status:1360: executing libtool commands

## ---------------- ##
## Cache variables. ##
## ---------------- ##

ac_cv_build=x86_64-pc-linux-gnu
ac_cv_c_compiler_gnu=yes
ac_cv_c_const=yes
ac_cv_c_volatile=yes
ac_cv_env_CC_set=
ac_cv_env_CC_value=
ac_cv_env_CFLAGS_set=set
ac_cv_env_CFLAGS_value=-lm
ac_cv_env_CPPFLAGS_set=set
ac_cv_env_CPPFLAGS_value=-I/home/linuxbrew/.linuxbrew/opt/node@10/include
ac_cv_env_CPP_set=
ac_cv_env_CPP_value=
ac_cv_env_LDFLAGS_set=set
ac_cv_env_LDFLAGS_value=-L/home/linuxbrew/.linuxbrew/opt/node@10/lib
ac_cv_env_LIBS_set=
ac_cv_env_LIBS_value=
ac_cv_env_LT_SYS_LIBRARY_PATH_set=
ac_cv_env_LT_SYS_LIBRARY_PATH_value=
ac_cv_env_build_alias_set=
ac_cv_env_build_alias_value=
ac_cv_env_host_alias_set=
ac_cv_env_host_alias_value=
ac_cv_env_target_alias_set=
ac_cv_env_target_alias_value=
ac_cv_func__doprnt=no
ac_cv_func_floor=yes
ac_cv_func_isascii=yes
ac_cv_func_localeconv=yes
ac_cv_func_mblen=yes
ac_cv_func_memmove=yes
ac_cv_func_memset=yes
ac_cv_func_modf=yes
ac_cv_func_pow=yes
ac_cv_func_sqrt=yes
ac_cv_func_strcasecmp=yes
ac_cv_func_strchr=yes
ac_cv_func_strcoll_works=yes
ac_cv_func_strerror=yes
ac_cv_func_strftime=yes
ac_cv_func_strncasecmp=yes
ac_cv_func_strrchr=yes
ac_cv_func_strstr=yes
ac_cv_func_strtod=yes
ac_cv_func_strtol=yes
ac_cv_func_strtoul=yes
ac_cv_func_vprintf=yes
ac_cv_header_dlfcn_h=yes
ac_cv_header_float_h=yes
ac_cv_header_inttypes_h=yes
ac_cv_header_limits_h=yes
ac_cv_header_locale_h=yes
ac_cv_header_memory_h=yes
ac_cv_header_stdc=yes
ac_cv_header_stddef_h=yes
ac_cv_header_stdint_h=yes
ac_cv_header_stdlib_h=yes
ac_cv_header_string_h=yes
ac_cv_header_strings_h=yes
ac_cv_header_sys_stat_h=yes
ac_cv_header_sys_types_h=yes
ac_cv_header_unistd_h=yes
ac_cv_header_wchar_h=yes
ac_cv_header_wctype_h=yes
ac_cv_host=x86_64-pc-linux-gnu
ac_cv_lib_dl_dlopen=yes
ac_cv_lib_pthread_pthread_create=yes
ac_cv_objext=o
ac_cv_path_EGREP='/bin/grep -E'
ac_cv_path_FGREP='/bin/grep -F'
ac_cv_path_GREP=/bin/grep
ac_cv_path_SED=/bin/sed
ac_cv_path_install='/usr/bin/install -c'
ac_cv_path_lt_DD=/bin/dd
ac_cv_path_mkdir=/bin/mkdir
ac_cv_prog_AWK=gawk
ac_cv_prog_CPP='gcc -E'
ac_cv_prog_ac_ct_AR=ar
ac_cv_prog_ac_ct_CC=gcc
ac_cv_prog_ac_ct_DLLTOOL=dlltool
ac_cv_prog_ac_ct_MANIFEST_TOOL=mt
ac_cv_prog_ac_ct_OBJDUMP=objdump
ac_cv_prog_ac_ct_RANLIB=ranlib
ac_cv_prog_ac_ct_STRIP=strip
ac_cv_prog_cc_c89=
ac_cv_prog_cc_g=yes
ac_cv_prog_make_make_set=yes
ac_cv_struct_tm=time.h
ac_cv_type_ptrdiff_t=yes
ac_cv_type_signal=void
ac_cv_type_size_t=yes
am_cv_CC_dependencies_compiler_type=gcc3
am_cv_make_support_nested_variables=yes
am_cv_prog_cc_c_o=yes
lt_cv_ar_at_file=@
lt_cv_archive_cmds_need_lc=no
lt_cv_deplibs_check_method=pass_all
lt_cv_file_magic_cmd='$MAGIC_CMD'
lt_cv_file_magic_test_file=
lt_cv_ld_reload_flag=-r
lt_cv_nm_interface='BSD nm'
lt_cv_objdir=.libs
lt_cv_path_LD=/home/linuxbrew/.linuxbrew/bin/ld
lt_cv_path_NM='/home/linuxbrew/.linuxbrew/bin/nm -B'
lt_cv_path_mainfest_tool=no
lt_cv_prog_compiler_c_o=yes
lt_cv_prog_compiler_pic='-fPIC -DPIC'
lt_cv_prog_compiler_pic_works=yes
lt_cv_prog_compiler_rtti_exceptions=no
lt_cv_prog_compiler_static_works=yes
lt_cv_prog_gnu_ld=yes
lt_cv_sharedlib_from_linklib_cmd='printf %s\n'
lt_cv_shlibpath_overrides_runpath=no
lt_cv_sys_global_symbol_pipe='sed -n -e '\''s/^.*[	 ]\([ABCDGIRSTW][ABCDGIRSTW]*\)[	 ][	 ]*\([_A-Za-z][_A-Za-z0-9]*\)$/\1 \2 \2/p'\'' | sed '\''/ __gnu_lto/d'\'''
lt_cv_sys_global_symbol_to_c_name_address='sed -n -e '\''s/^: \(.*\) .*$/  {"\1", (void *) 0},/p'\'' -e '\''s/^[ABCDGIRSTW][ABCDGIRSTW]* .* \(.*\)$/  {"\1", (void *) \&\1},/p'\'''
lt_cv_sys_global_symbol_to_c_name_address_lib_prefix='sed -n -e '\''s/^: \(.*\) .*$/  {"\1", (void *) 0},/p'\'' -e '\''s/^[ABCDGIRSTW][ABCDGIRSTW]* .* \(lib.*\)$/  {"\1", (void *) \&\1},/p'\'' -e '\''s/^[ABCDGIRSTW][ABCDGIRSTW]* .* \(.*\)$/  {"lib\1", (void *) \&\1},/p'\'''
lt_cv_sys_global_symbol_to_cdecl='sed -n -e '\''s/^T .* \(.*\)$/extern int \1();/p'\'' -e '\''s/^[ABCDGIRSTW][ABCDGIRSTW]* .* \(.*\)$/extern char \1;/p'\'''
lt_cv_sys_global_symbol_to_import=
lt_cv_sys_max_cmd_len=1572864
lt_cv_to_host_file_cmd=func_convert_file_noop
lt_cv_to_tool_file_cmd=func_convert_file_noop
lt_cv_truncate_bin='/bin/dd bs=4096 count=1'

## ----------------- ##
## Output variables. ##
## ----------------- ##

ACLOCAL='${SHELL} /home/alien/apps/freqtrade/ta-lib/missing aclocal-1.16'
AMDEPBACKSLASH='\'
AMDEP_FALSE='#'
AMDEP_TRUE=''
AMTAR='$${TAR-tar}'
AM_BACKSLASH='\'
AM_DEFAULT_V='$(AM_DEFAULT_VERBOSITY)'
AM_DEFAULT_VERBOSITY='1'
AM_V='$(V)'
AR='ar'
AUTOCONF='${SHELL} /home/alien/apps/freqtrade/ta-lib/missing autoconf'
AUTOHEADER='${SHELL} /home/alien/apps/freqtrade/ta-lib/missing autoheader'
AUTOMAKE='${SHELL} /home/alien/apps/freqtrade/ta-lib/missing automake-1.16'
AWK='gawk'
CC='gcc'
CCDEPMODE='depmode=gcc3'
CFLAGS='-lm'
CPP='gcc -E'
CPPFLAGS='-I/home/linuxbrew/.linuxbrew/opt/node@10/include'
CYGPATH_W='echo'
DEFS='-DHAVE_CONFIG_H'
DEPDIR='.deps'
DLLTOOL='dlltool'
DSYMUTIL=''
DUMPBIN=''
ECHO_C=''
ECHO_N='-n'
ECHO_T=''
EGREP='/bin/grep -E'
EXEEXT=''
FGREP='/bin/grep -F'
GREP='/bin/grep'
INSTALL_DATA='${INSTALL} -m 644'
INSTALL_PROGRAM='${INSTALL}'
INSTALL_SCRIPT='${INSTALL}'
INSTALL_STRIP_PROGRAM='$(install_sh) -c -s'
LD='/home/linuxbrew/.linuxbrew/bin/ld -m elf_x86_64'
LDFLAGS='-L/home/linuxbrew/.linuxbrew/opt/node@10/lib'
LIBOBJS=''
LIBS='-lpthread -ldl '
LIBTOOL='$(SHELL) $(top_builddir)/libtool'
LIPO=''
LN_S='ln -s'
LTLIBOBJS=''
LT_SYS_LIBRARY_PATH=''
MAKEINFO='${SHELL} /home/alien/apps/freqtrade/ta-lib/missing makeinfo'
MANIFEST_TOOL=':'
MKDIR_P='/bin/mkdir -p'
NM='/home/linuxbrew/.linuxbrew/bin/nm -B'
NMEDIT=''
OBJDUMP='objdump'
OBJEXT='o'
OTOOL64=''
OTOOL=''
PACKAGE='ta-lib'
PACKAGE_BUGREPORT='http://sourceforge.net/tracker/?group_id=8903&atid=108903'
PACKAGE_NAME='ta-lib'
PACKAGE_STRING='ta-lib 0.4.0'
PACKAGE_TARNAME='ta-lib'
PACKAGE_URL=''
PACKAGE_VERSION='0.4.0'
PATH_SEPARATOR=':'
POW_LIB=''
RANLIB='ranlib'
SED='/bin/sed'
SET_MAKE=''
SHELL='/bin/bash'
STRIP='strip'
TALIB_LIBRARY_VERSION='0:0:0'
VERSION='0.4.0'
ac_ct_AR='ar'
ac_ct_CC='gcc'
ac_ct_DUMPBIN=''
am__EXEEXT_FALSE=''
am__EXEEXT_TRUE='#'
am__fastdepCC_FALSE='#'
am__fastdepCC_TRUE=''
am__include='include'
am__isrc=''
am__leading_dot='.'
am__nodep='_no'
am__quote=''
am__tar='$${TAR-tar} chof - "$$tardir"'
am__untar='$${TAR-tar} xf -'
bindir='${exec_prefix}/bin'
build='x86_64-pc-linux-gnu'
build_alias=''
build_cpu='x86_64'
build_os='linux-gnu'
build_vendor='pc'
datadir='${datarootdir}'
datarootdir='${prefix}/share'
docdir='${datarootdir}/doc/${PACKAGE_TARNAME}'
dvidir='${docdir}'
exec_prefix='${prefix}'
host='x86_64-pc-linux-gnu'
host_alias=''
host_cpu='x86_64'
host_os='linux-gnu'
host_vendor='pc'
htmldir='${docdir}'
includedir='${prefix}/include'
infodir='${datarootdir}/info'
install_sh='${SHELL} /home/alien/apps/freqtrade/ta-lib/install-sh'
libdir='${exec_prefix}/lib'
libexecdir='${exec_prefix}/libexec'
localedir='${datarootdir}/locale'
localstatedir='${prefix}/var'
mandir='${datarootdir}/man'
mkdir_p='$(MKDIR_P)'
oldincludedir='/usr/include'
pdfdir='${docdir}'
prefix='/home/linuxbrew/.linuxbrew/Cellar/ta/lib'
program_transform_name='s,x,x,'
psdir='${docdir}'
sbindir='${exec_prefix}/sbin'
sharedstatedir='${prefix}/com'
sysconfdir='${prefix}/etc'
target_alias=''

## ----------- ##
## confdefs.h. ##
## ----------- ##

/* confdefs.h */
#define PACKAGE_NAME "ta-lib"
#define PACKAGE_TARNAME "ta-lib"
#define PACKAGE_VERSION "0.4.0"
#define PACKAGE_STRING "ta-lib 0.4.0"
#define PACKAGE_BUGREPORT "http://sourceforge.net/tracker/?group_id=8903&atid=108903"
#define PACKAGE_URL ""
#define PACKAGE "ta-lib"
#define VERSION "0.4.0"
#define STDC_HEADERS 1
#define HAVE_SYS_TYPES_H 1
#define HAVE_SYS_STAT_H 1
#define HAVE_STDLIB_H 1
#define HAVE_STRING_H 1
#define HAVE_MEMORY_H 1
#define HAVE_STRINGS_H 1
#define HAVE_INTTYPES_H 1
#define HAVE_STDINT_H 1
#define HAVE_UNISTD_H 1
#define HAVE_DLFCN_H 1
#define LT_OBJDIR ".libs/"
#define HAVE_LIBDL 1
#define HAVE_LIBPTHREAD 1
#define STDC_HEADERS 1
#define HAVE_FLOAT_H 1
#define HAVE_INTTYPES_H 1
#define HAVE_LIMITS_H 1
#define HAVE_LOCALE_H 1
#define HAVE_STDDEF_H 1
#define HAVE_STDINT_H 1
#define HAVE_STDLIB_H 1
#define HAVE_STRING_H 1
#define HAVE_UNISTD_H 1
#define HAVE_WCHAR_H 1
#define HAVE_WCTYPE_H 1
#define HAVE_PTRDIFF_T 1
#define RETSIGTYPE void
#define HAVE_STRCOLL 1
#define HAVE_STRFTIME 1
#define HAVE_VPRINTF 1
#define HAVE_FLOOR 1
#define HAVE_ISASCII 1
#define HAVE_LOCALECONV 1
#define HAVE_MBLEN 1
#define HAVE_MEMMOVE 1
#define HAVE_MEMSET 1
#define HAVE_MODF 1
#define HAVE_POW 1
#define HAVE_SQRT 1
#define HAVE_STRCASECMP 1
#define HAVE_STRCHR 1
#define HAVE_STRERROR 1
#define HAVE_STRNCASECMP 1
#define HAVE_STRRCHR 1
#define HAVE_STRSTR 1
#define HAVE_STRTOL 1
#define HAVE_STRTOUL 1

configure: exit 0
